<?xml version="1.0" encoding="UTF-8"?>
<!-- Generated by org.testng.reporters.JUnitReportReporter -->
<testsuite hostname="DESKTOP-VAQKFJ2" failures="0" tests="1" name="qa.test.Execute" time="4.969" errors="0" timestamp="2024-01-01T14:46:37 IST" skipped="0">
  <testcase classname="qa.test.Execute" name="orderPlace" time="4.969"/>
</testsuite> <!-- qa.test.Execute -->
