<?xml version="1.0" encoding="UTF-8"?>
<!-- Generated by org.testng.reporters.JUnitReportReporter -->
<testsuite hostname="DESKTOP-VAQKFJ2" failures="0" tests="3" name="qa.tests.TC_01_VerifyUserAbleToOrderTheProduct" time="12.962" errors="0" timestamp="06 Jan 2024 08:19:41 GMT" skipped="0">
  <testcase classname="qa.tests.TC_01_VerifyUserAbleToOrderTheProduct" name="orderPlace" time="5.897"/>
  <testcase classname="qa.tests.TC_01_VerifyUserAbleToOrderTheProduct" name="orderPlace" time="4.642"/>
  <testcase classname="qa.tests.TC_01_VerifyUserAbleToOrderTheProduct" name="verifyOrderMenuList" time="2.423"/>
</testsuite> <!-- qa.tests.TC_01_VerifyUserAbleToOrderTheProduct -->
