<?xml version="1.0" encoding="UTF-8"?>
<!-- Generated by org.testng.reporters.JUnitReportReporter -->
<testsuite hostname="DESKTOP-VAQKFJ2" failures="0" tests="2" name="qa.tests.TC_02_VerifyErrorDisplayed" time="5.725" errors="0" timestamp="06 Jan 2024 08:19:41 GMT" skipped="1">
  <testcase classname="qa.tests.TC_02_VerifyErrorDisplayed" name="verifyLoginErrorMessage" time="3.361">
    <skipped/>
  </testcase> <!-- verifyLoginErrorMessage -->
  <testcase classname="qa.tests.TC_02_VerifyErrorDisplayed" name="verifyLoginErrorMessage" time="2.364"/>
</testsuite> <!-- qa.tests.TC_02_VerifyErrorDisplayed -->
