<?xml version="1.0" encoding="UTF-8"?>
<!-- Generated by org.testng.reporters.JUnitReportReporter -->
<testsuite hostname="DESKTOP-VAQKFJ2" failures="0" tests="3" name="qa.test.TC_01_VerifyUserAbleToOrderTheProduct" time="17.621" errors="0" timestamp="05 Jan 2024 09:02:46 GMT" skipped="0">
  <testcase classname="qa.test.TC_01_VerifyUserAbleToOrderTheProduct" name="verifyOrderMenuList" time="4.664"/>
  <testcase classname="qa.test.TC_01_VerifyUserAbleToOrderTheProduct" name="orderPlace" time="6.653"/>
  <testcase classname="qa.test.TC_01_VerifyUserAbleToOrderTheProduct" name="orderPlace" time="6.304"/>
</testsuite> <!-- qa.test.TC_01_VerifyUserAbleToOrderTheProduct -->
