<?xml version="1.0" encoding="UTF-8"?>
<!-- Generated by org.testng.reporters.JUnitReportReporter -->
<testsuite hostname="DESKTOP-VAQKFJ2" failures="0" tests="3" name="qa.tests.TC_01_VerifyUserAbleToOrderTheProduct" time="15.713" errors="0" timestamp="06 Jan 2024 14:04:19 GMT" skipped="0">
  <testcase classname="qa.tests.TC_01_VerifyUserAbleToOrderTheProduct" name="orderPlace" time="4.380"/>
  <testcase classname="qa.tests.TC_01_VerifyUserAbleToOrderTheProduct" name="orderPlace" time="8.758"/>
  <testcase classname="qa.tests.TC_01_VerifyUserAbleToOrderTheProduct" name="verifyOrderMenuList" time="2.575"/>
</testsuite> <!-- qa.tests.TC_01_VerifyUserAbleToOrderTheProduct -->
